f:\dev\cam2rtsp\x64\debug\vc143.pdb
f:\dev\cam2rtsp\x64\debug\vc143.idb
f:\dev\cam2rtsp\x64\debug\readparams.obj
f:\dev\cam2rtsp\x64\debug\main.obj
f:\dev\cam2rtsp\x64\debug\h265rtspserver.obj
f:\dev\cam2rtsp\x64\debug\h265livevideoservermediasubssion.obj
f:\dev\cam2rtsp\x64\debug\h265framesource.obj
f:\dev\cam2rtsp\x64\debug\datapacket.obj
f:\dev\cam2rtsp\x64\debug\camerah265encoder.obj
f:\dev\cam2rtsp\x64\debug\cameracapture.obj
f:\dev\cam2rtsp\x64\debug\cam2rtsp.ilk
f:\dev\cam2rtsp\x64\debug\cam2rtsp.exe
f:\dev\cam2rtsp\x64\debug\cam2rtsp.pdb
f:\dev\cam2rtsp\x64\debug\libcrypto-1_1-x64.pdb
f:\dev\cam2rtsp\x64\debug\libssl-1_1-x64.pdb
f:\dev\cam2rtsp\x64\debug\openssl.pdb
f:\dev\cam2rtsp\x64\debug\cam2rtsp.tlog\cl.command.1.tlog
f:\dev\cam2rtsp\x64\debug\cam2rtsp.tlog\cl.read.1.tlog
f:\dev\cam2rtsp\x64\debug\cam2rtsp.tlog\cl.write.1.tlog
f:\dev\cam2rtsp\x64\debug\cam2rtsp.tlog\link.command.1.tlog
f:\dev\cam2rtsp\x64\debug\cam2rtsp.tlog\link.read.1.tlog
f:\dev\cam2rtsp\x64\debug\cam2rtsp.tlog\link.write.1.tlog
