  CameraCapture.cpp
F:\dev\Cam2RTSP\include\ffmpeg\libavutil\rational.h(1,1): warning C4819: 该文件包含不能在当前代码页(936)中表示的字符。请将该文件保存为 Unicode 格式以防止数据丢失
  CameraH265Encoder.cpp
F:\dev\Cam2RTSP\include\ffmpeg\libavutil\rational.h(1,1): warning C4819: 该文件包含不能在当前代码页(936)中表示的字符。请将该文件保存为 Unicode 格式以防止数据丢失
  DataPacket.cpp
F:\dev\Cam2RTSP\include\ffmpeg\libavutil\rational.h(1,1): warning C4819: 该文件包含不能在当前代码页(936)中表示的字符。请将该文件保存为 Unicode 格式以防止数据丢失
  H265FrameSource.cpp
F:\dev\Cam2RTSP\include\ffmpeg\libavutil\rational.h(1,1): warning C4819: 该文件包含不能在当前代码页(936)中表示的字符。请将该文件保存为 Unicode 格式以防止数据丢失
  H265LiveVideoServerMediaSubssion.cpp
  H265RtspServer.cpp
F:\dev\Cam2RTSP\include\ffmpeg\libavutil\rational.h(1,1): warning C4819: 该文件包含不能在当前代码页(936)中表示的字符。请将该文件保存为 Unicode 格式以防止数据丢失
  main.cpp
F:\dev\Cam2RTSP\include\ffmpeg\libavutil\rational.h(1,1): warning C4819: 该文件包含不能在当前代码页(936)中表示的字符。请将该文件保存为 Unicode 格式以防止数据丢失
  ReadParams.cpp
  正在生成代码...
UsageEnvironment.lib(UsageEnvironment.obj) : warning LNK4099: 未找到 PDB“”(使用“UsageEnvironment.lib(UsageEnvironment.obj)”或在“”中寻找)；正在链接对象，如同没有调试信息一样
liveMedia.lib(Media.obj) : warning LNK4099: 未找到 PDB“”(使用“liveMedia.lib(Media.obj)”或在“”中寻找)；正在链接对象，如同没有调试信息一样
liveMedia.lib(MediaSource.obj) : warning LNK4099: 未找到 PDB“”(使用“liveMedia.lib(MediaSource.obj)”或在“”中寻找)；正在链接对象，如同没有调试信息一样
liveMedia.lib(FramedSource.obj) : warning LNK4099: 未找到 PDB“”(使用“liveMedia.lib(FramedSource.obj)”或在“”中寻找)；正在链接对象，如同没有调试信息一样
liveMedia.lib(ServerMediaSession.obj) : warning LNK4099: 未找到 PDB“”(使用“liveMedia.lib(ServerMediaSession.obj)”或在“”中寻找)；正在链接对象，如同没有调试信息一样
liveMedia.lib(OnDemandServerMediaSubsession.obj) : warning LNK4099: 未找到 PDB“”(使用“liveMedia.lib(OnDemandServerMediaSubsession.obj)”或在“”中寻找)；正在链接对象，如同没有调试信息一样
liveMedia.lib(StreamReplicator.obj) : warning LNK4099: 未找到 PDB“”(使用“liveMedia.lib(StreamReplicator.obj)”或在“”中寻找)；正在链接对象，如同没有调试信息一样
liveMedia.lib(H265VideoRTPSink.obj) : warning LNK4099: 未找到 PDB“”(使用“liveMedia.lib(H265VideoRTPSink.obj)”或在“”中寻找)；正在链接对象，如同没有调试信息一样
liveMedia.lib(H265VideoStreamDiscreteFramer.obj) : warning LNK4099: 未找到 PDB“”(使用“liveMedia.lib(H265VideoStreamDiscreteFramer.obj)”或在“”中寻找)；正在链接对象，如同没有调试信息一样
liveMedia.lib(RTSPServer.obj) : warning LNK4099: 未找到 PDB“”(使用“liveMedia.lib(RTSPServer.obj)”或在“”中寻找)；正在链接对象，如同没有调试信息一样
liveMedia.lib(MediaSink.obj) : warning LNK4099: 未找到 PDB“”(使用“liveMedia.lib(MediaSink.obj)”或在“”中寻找)；正在链接对象，如同没有调试信息一样
liveMedia.lib(RTPInterface.obj) : warning LNK4099: 未找到 PDB“”(使用“liveMedia.lib(RTPInterface.obj)”或在“”中寻找)；正在链接对象，如同没有调试信息一样
liveMedia.lib(RTPSink.obj) : warning LNK4099: 未找到 PDB“”(使用“liveMedia.lib(RTPSink.obj)”或在“”中寻找)；正在链接对象，如同没有调试信息一样
liveMedia.lib(RTCP.obj) : warning LNK4099: 未找到 PDB“”(使用“liveMedia.lib(RTCP.obj)”或在“”中寻找)；正在链接对象，如同没有调试信息一样
liveMedia.lib(BasicUDPSink.obj) : warning LNK4099: 未找到 PDB“”(使用“liveMedia.lib(BasicUDPSink.obj)”或在“”中寻找)；正在链接对象，如同没有调试信息一样
liveMedia.lib(MultiFramedRTPSink.obj) : warning LNK4099: 未找到 PDB“”(使用“liveMedia.lib(MultiFramedRTPSink.obj)”或在“”中寻找)；正在链接对象，如同没有调试信息一样
liveMedia.lib(VideoRTPSink.obj) : warning LNK4099: 未找到 PDB“”(使用“liveMedia.lib(VideoRTPSink.obj)”或在“”中寻找)；正在链接对象，如同没有调试信息一样
liveMedia.lib(H264or5VideoRTPSink.obj) : warning LNK4099: 未找到 PDB“”(使用“liveMedia.lib(H264or5VideoRTPSink.obj)”或在“”中寻找)；正在链接对象，如同没有调试信息一样
liveMedia.lib(H264or5VideoStreamFramer.obj) : warning LNK4099: 未找到 PDB“”(使用“liveMedia.lib(H264or5VideoStreamFramer.obj)”或在“”中寻找)；正在链接对象，如同没有调试信息一样
liveMedia.lib(Base64.obj) : warning LNK4099: 未找到 PDB“”(使用“liveMedia.lib(Base64.obj)”或在“”中寻找)；正在链接对象，如同没有调试信息一样
liveMedia.lib(H264VideoRTPSource.obj) : warning LNK4099: 未找到 PDB“”(使用“liveMedia.lib(H264VideoRTPSource.obj)”或在“”中寻找)；正在链接对象，如同没有调试信息一样
liveMedia.lib(FramedFilter.obj) : warning LNK4099: 未找到 PDB“”(使用“liveMedia.lib(FramedFilter.obj)”或在“”中寻找)；正在链接对象，如同没有调试信息一样
liveMedia.lib(MPEGVideoStreamFramer.obj) : warning LNK4099: 未找到 PDB“”(使用“liveMedia.lib(MPEGVideoStreamFramer.obj)”或在“”中寻找)；正在链接对象，如同没有调试信息一样
liveMedia.lib(H264or5VideoStreamDiscreteFramer.obj) : warning LNK4099: 未找到 PDB“”(使用“liveMedia.lib(H264or5VideoStreamDiscreteFramer.obj)”或在“”中寻找)；正在链接对象，如同没有调试信息一样
liveMedia.lib(TLSState.obj) : warning LNK4099: 未找到 PDB“”(使用“liveMedia.lib(TLSState.obj)”或在“”中寻找)；正在链接对象，如同没有调试信息一样
liveMedia.lib(GenericMediaServer.obj) : warning LNK4099: 未找到 PDB“”(使用“liveMedia.lib(GenericMediaServer.obj)”或在“”中寻找)；正在链接对象，如同没有调试信息一样
liveMedia.lib(DigestAuthentication.obj) : warning LNK4099: 未找到 PDB“”(使用“liveMedia.lib(DigestAuthentication.obj)”或在“”中寻找)；正在链接对象，如同没有调试信息一样
liveMedia.lib(RTSPServerRegister.obj) : warning LNK4099: 未找到 PDB“”(使用“liveMedia.lib(RTSPServerRegister.obj)”或在“”中寻找)；正在链接对象，如同没有调试信息一样
liveMedia.lib(RTSPCommon.obj) : warning LNK4099: 未找到 PDB“”(使用“liveMedia.lib(RTSPCommon.obj)”或在“”中寻找)；正在链接对象，如同没有调试信息一样
liveMedia.lib(MIKEY.obj) : warning LNK4099: 未找到 PDB“”(使用“liveMedia.lib(MIKEY.obj)”或在“”中寻找)；正在链接对象，如同没有调试信息一样
liveMedia.lib(SRTPCryptographicContext.obj) : warning LNK4099: 未找到 PDB“”(使用“liveMedia.lib(SRTPCryptographicContext.obj)”或在“”中寻找)；正在链接对象，如同没有调试信息一样
liveMedia.lib(RTPSource.obj) : warning LNK4099: 未找到 PDB“”(使用“liveMedia.lib(RTPSource.obj)”或在“”中寻找)；正在链接对象，如同没有调试信息一样
liveMedia.lib(rtcp_from_spec.obj) : warning LNK4099: 未找到 PDB“”(使用“liveMedia.lib(rtcp_from_spec.obj)”或在“”中寻找)；正在链接对象，如同没有调试信息一样
liveMedia.lib(StreamParser.obj) : warning LNK4099: 未找到 PDB“”(使用“liveMedia.lib(StreamParser.obj)”或在“”中寻找)；正在链接对象，如同没有调试信息一样
liveMedia.lib(MPEGVideoStreamParser.obj) : warning LNK4099: 未找到 PDB“”(使用“liveMedia.lib(MPEGVideoStreamParser.obj)”或在“”中寻找)；正在链接对象，如同没有调试信息一样
liveMedia.lib(BitVector.obj) : warning LNK4099: 未找到 PDB“”(使用“liveMedia.lib(BitVector.obj)”或在“”中寻找)；正在链接对象，如同没有调试信息一样
liveMedia.lib(MultiFramedRTPSource.obj) : warning LNK4099: 未找到 PDB“”(使用“liveMedia.lib(MultiFramedRTPSource.obj)”或在“”中寻找)；正在链接对象，如同没有调试信息一样
liveMedia.lib(RTSPClient.obj) : warning LNK4099: 未找到 PDB“”(使用“liveMedia.lib(RTSPClient.obj)”或在“”中寻找)；正在链接对象，如同没有调试信息一样
liveMedia.lib(ourMD5.obj) : warning LNK4099: 未找到 PDB“”(使用“liveMedia.lib(ourMD5.obj)”或在“”中寻找)；正在链接对象，如同没有调试信息一样
liveMedia.lib(RTSPRegisterSender.obj) : warning LNK4099: 未找到 PDB“”(使用“liveMedia.lib(RTSPRegisterSender.obj)”或在“”中寻找)；正在链接对象，如同没有调试信息一样
liveMedia.lib(ProxyServerMediaSession.obj) : warning LNK4099: 未找到 PDB“”(使用“liveMedia.lib(ProxyServerMediaSession.obj)”或在“”中寻找)；正在链接对象，如同没有调试信息一样
liveMedia.lib(Locale.obj) : warning LNK4099: 未找到 PDB“”(使用“liveMedia.lib(Locale.obj)”或在“”中寻找)；正在链接对象，如同没有调试信息一样
liveMedia.lib(HMAC_SHA1.obj) : warning LNK4099: 未找到 PDB“”(使用“liveMedia.lib(HMAC_SHA1.obj)”或在“”中寻找)；正在链接对象，如同没有调试信息一样
liveMedia.lib(MediaSession.obj) : warning LNK4099: 未找到 PDB“”(使用“liveMedia.lib(MediaSession.obj)”或在“”中寻找)；正在链接对象，如同没有调试信息一样
liveMedia.lib(MPEG1or2AudioRTPSink.obj) : warning LNK4099: 未找到 PDB“”(使用“liveMedia.lib(MPEG1or2AudioRTPSink.obj)”或在“”中寻找)；正在链接对象，如同没有调试信息一样
liveMedia.lib(MP3ADURTPSink.obj) : warning LNK4099: 未找到 PDB“”(使用“liveMedia.lib(MP3ADURTPSink.obj)”或在“”中寻找)；正在链接对象，如同没有调试信息一样
liveMedia.lib(MPEG1or2VideoRTPSink.obj) : warning LNK4099: 未找到 PDB“”(使用“liveMedia.lib(MPEG1or2VideoRTPSink.obj)”或在“”中寻找)；正在链接对象，如同没有调试信息一样
liveMedia.lib(MPEG4ESVideoRTPSink.obj) : warning LNK4099: 未找到 PDB“”(使用“liveMedia.lib(MPEG4ESVideoRTPSink.obj)”或在“”中寻找)；正在链接对象，如同没有调试信息一样
liveMedia.lib(GSMAudioRTPSink.obj) : warning LNK4099: 未找到 PDB“”(使用“liveMedia.lib(GSMAudioRTPSink.obj)”或在“”中寻找)；正在链接对象，如同没有调试信息一样
liveMedia.lib(H263plusVideoRTPSink.obj) : warning LNK4099: 未找到 PDB“”(使用“liveMedia.lib(H263plusVideoRTPSink.obj)”或在“”中寻找)；正在链接对象，如同没有调试信息一样
liveMedia.lib(H264VideoRTPSink.obj) : warning LNK4099: 未找到 PDB“”(使用“liveMedia.lib(H264VideoRTPSink.obj)”或在“”中寻找)；正在链接对象，如同没有调试信息一样
liveMedia.lib(DVVideoStreamFramer.obj) : warning LNK4099: 未找到 PDB“”(使用“liveMedia.lib(DVVideoStreamFramer.obj)”或在“”中寻找)；正在链接对象，如同没有调试信息一样
liveMedia.lib(DVVideoRTPSink.obj) : warning LNK4099: 未找到 PDB“”(使用“liveMedia.lib(DVVideoRTPSink.obj)”或在“”中寻找)；正在链接对象，如同没有调试信息一样
liveMedia.lib(H264VideoStreamDiscreteFramer.obj) : warning LNK4099: 未找到 PDB“”(使用“liveMedia.lib(H264VideoStreamDiscreteFramer.obj)”或在“”中寻找)；正在链接对象，如同没有调试信息一样
liveMedia.lib(SimpleRTPSink.obj) : warning LNK4099: 未找到 PDB“”(使用“liveMedia.lib(SimpleRTPSink.obj)”或在“”中寻找)；正在链接对象，如同没有调试信息一样
liveMedia.lib(MPEG4LATMAudioRTPSink.obj) : warning LNK4099: 未找到 PDB“”(使用“liveMedia.lib(MPEG4LATMAudioRTPSink.obj)”或在“”中寻找)；正在链接对象，如同没有调试信息一样
liveMedia.lib(AC3AudioRTPSink.obj) : warning LNK4099: 未找到 PDB“”(使用“liveMedia.lib(AC3AudioRTPSink.obj)”或在“”中寻找)；正在链接对象，如同没有调试信息一样
liveMedia.lib(VorbisAudioRTPSink.obj) : warning LNK4099: 未找到 PDB“”(使用“liveMedia.lib(VorbisAudioRTPSink.obj)”或在“”中寻找)；正在链接对象，如同没有调试信息一样
liveMedia.lib(TheoraVideoRTPSink.obj) : warning LNK4099: 未找到 PDB“”(使用“liveMedia.lib(TheoraVideoRTPSink.obj)”或在“”中寻找)；正在链接对象，如同没有调试信息一样
liveMedia.lib(VP8VideoRTPSink.obj) : warning LNK4099: 未找到 PDB“”(使用“liveMedia.lib(VP8VideoRTPSink.obj)”或在“”中寻找)；正在链接对象，如同没有调试信息一样
liveMedia.lib(VP9VideoRTPSink.obj) : warning LNK4099: 未找到 PDB“”(使用“liveMedia.lib(VP9VideoRTPSink.obj)”或在“”中寻找)；正在链接对象，如同没有调试信息一样
liveMedia.lib(MPEG4GenericRTPSink.obj) : warning LNK4099: 未找到 PDB“”(使用“liveMedia.lib(MPEG4GenericRTPSink.obj)”或在“”中寻找)；正在链接对象，如同没有调试信息一样
liveMedia.lib(MPEG1or2VideoStreamDiscreteFramer.obj) : warning LNK4099: 未找到 PDB“”(使用“liveMedia.lib(MPEG1or2VideoStreamDiscreteFramer.obj)”或在“”中寻找)；正在链接对象，如同没有调试信息一样
liveMedia.lib(MPEG4VideoStreamDiscreteFramer.obj) : warning LNK4099: 未找到 PDB“”(使用“liveMedia.lib(MPEG4VideoStreamDiscreteFramer.obj)”或在“”中寻找)；正在链接对象，如同没有调试信息一样
liveMedia.lib(T140TextRTPSink.obj) : warning LNK4099: 未找到 PDB“”(使用“liveMedia.lib(T140TextRTPSink.obj)”或在“”中寻找)；正在链接对象，如同没有调试信息一样
liveMedia.lib(JPEG2000VideoRTPSource.obj) : warning LNK4099: 未找到 PDB“”(使用“liveMedia.lib(JPEG2000VideoRTPSource.obj)”或在“”中寻找)；正在链接对象，如同没有调试信息一样
liveMedia.lib(DVVideoRTPSource.obj) : warning LNK4099: 未找到 PDB“”(使用“liveMedia.lib(DVVideoRTPSource.obj)”或在“”中寻找)；正在链接对象，如同没有调试信息一样
liveMedia.lib(BasicUDPSource.obj) : warning LNK4099: 未找到 PDB“”(使用“liveMedia.lib(BasicUDPSource.obj)”或在“”中寻找)；正在链接对象，如同没有调试信息一样
liveMedia.lib(SimpleRTPSource.obj) : warning LNK4099: 未找到 PDB“”(使用“liveMedia.lib(SimpleRTPSource.obj)”或在“”中寻找)；正在链接对象，如同没有调试信息一样
liveMedia.lib(MPEG1or2AudioRTPSource.obj) : warning LNK4099: 未找到 PDB“”(使用“liveMedia.lib(MPEG1or2AudioRTPSource.obj)”或在“”中寻找)；正在链接对象，如同没有调试信息一样
liveMedia.lib(MPEG4LATMAudioRTPSource.obj) : warning LNK4099: 未找到 PDB“”(使用“liveMedia.lib(MPEG4LATMAudioRTPSource.obj)”或在“”中寻找)；正在链接对象，如同没有调试信息一样
liveMedia.lib(MPEG4ESVideoRTPSource.obj) : warning LNK4099: 未找到 PDB“”(使用“liveMedia.lib(MPEG4ESVideoRTPSource.obj)”或在“”中寻找)；正在链接对象，如同没有调试信息一样
liveMedia.lib(MPEG4GenericRTPSource.obj) : warning LNK4099: 未找到 PDB“”(使用“liveMedia.lib(MPEG4GenericRTPSource.obj)”或在“”中寻找)；正在链接对象，如同没有调试信息一样
liveMedia.lib(MP3ADURTPSource.obj) : warning LNK4099: 未找到 PDB“”(使用“liveMedia.lib(MP3ADURTPSource.obj)”或在“”中寻找)；正在链接对象，如同没有调试信息一样
liveMedia.lib(QCELPAudioRTPSource.obj) : warning LNK4099: 未找到 PDB“”(使用“liveMedia.lib(QCELPAudioRTPSource.obj)”或在“”中寻找)；正在链接对象，如同没有调试信息一样
liveMedia.lib(AMRAudioRTPSource.obj) : warning LNK4099: 未找到 PDB“”(使用“liveMedia.lib(AMRAudioRTPSource.obj)”或在“”中寻找)；正在链接对象，如同没有调试信息一样
liveMedia.lib(JPEGVideoRTPSource.obj) : warning LNK4099: 未找到 PDB“”(使用“liveMedia.lib(JPEGVideoRTPSource.obj)”或在“”中寻找)；正在链接对象，如同没有调试信息一样
liveMedia.lib(MPEG1or2VideoRTPSource.obj) : warning LNK4099: 未找到 PDB“”(使用“liveMedia.lib(MPEG1or2VideoRTPSource.obj)”或在“”中寻找)；正在链接对象，如同没有调试信息一样
liveMedia.lib(VorbisAudioRTPSource.obj) : warning LNK4099: 未找到 PDB“”(使用“liveMedia.lib(VorbisAudioRTPSource.obj)”或在“”中寻找)；正在链接对象，如同没有调试信息一样
liveMedia.lib(TheoraVideoRTPSource.obj) : warning LNK4099: 未找到 PDB“”(使用“liveMedia.lib(TheoraVideoRTPSource.obj)”或在“”中寻找)；正在链接对象，如同没有调试信息一样
liveMedia.lib(VP8VideoRTPSource.obj) : warning LNK4099: 未找到 PDB“”(使用“liveMedia.lib(VP8VideoRTPSource.obj)”或在“”中寻找)；正在链接对象，如同没有调试信息一样
liveMedia.lib(VP9VideoRTPSource.obj) : warning LNK4099: 未找到 PDB“”(使用“liveMedia.lib(VP9VideoRTPSource.obj)”或在“”中寻找)；正在链接对象，如同没有调试信息一样
liveMedia.lib(RawVideoRTPSource.obj) : warning LNK4099: 未找到 PDB“”(使用“liveMedia.lib(RawVideoRTPSource.obj)”或在“”中寻找)；正在链接对象，如同没有调试信息一样
liveMedia.lib(MPEG2TransportStreamFramer.obj) : warning LNK4099: 未找到 PDB“”(使用“liveMedia.lib(MPEG2TransportStreamFramer.obj)”或在“”中寻找)；正在链接对象，如同没有调试信息一样
liveMedia.lib(H261VideoRTPSource.obj) : warning LNK4099: 未找到 PDB“”(使用“liveMedia.lib(H261VideoRTPSource.obj)”或在“”中寻找)；正在链接对象，如同没有调试信息一样
liveMedia.lib(H263plusVideoRTPSource.obj) : warning LNK4099: 未找到 PDB“”(使用“liveMedia.lib(H263plusVideoRTPSource.obj)”或在“”中寻找)；正在链接对象，如同没有调试信息一样
liveMedia.lib(H265VideoRTPSource.obj) : warning LNK4099: 未找到 PDB“”(使用“liveMedia.lib(H265VideoRTPSource.obj)”或在“”中寻找)；正在链接对象，如同没有调试信息一样
liveMedia.lib(MP3ADU.obj) : warning LNK4099: 未找到 PDB“”(使用“liveMedia.lib(MP3ADU.obj)”或在“”中寻找)；正在链接对象，如同没有调试信息一样
liveMedia.lib(MP3ADUinterleaving.obj) : warning LNK4099: 未找到 PDB“”(使用“liveMedia.lib(MP3ADUinterleaving.obj)”或在“”中寻找)；正在链接对象，如同没有调试信息一样
liveMedia.lib(AC3AudioRTPSource.obj) : warning LNK4099: 未找到 PDB“”(使用“liveMedia.lib(AC3AudioRTPSource.obj)”或在“”中寻找)；正在链接对象，如同没有调试信息一样
liveMedia.lib(QuickTimeGenericRTPSource.obj) : warning LNK4099: 未找到 PDB“”(使用“liveMedia.lib(QuickTimeGenericRTPSource.obj)”或在“”中寻找)；正在链接对象，如同没有调试信息一样
liveMedia.lib(AudioRTPSink.obj) : warning LNK4099: 未找到 PDB“”(使用“liveMedia.lib(AudioRTPSink.obj)”或在“”中寻找)；正在链接对象，如同没有调试信息一样
liveMedia.lib(MPEG4VideoStreamFramer.obj) : warning LNK4099: 未找到 PDB“”(使用“liveMedia.lib(MPEG4VideoStreamFramer.obj)”或在“”中寻找)；正在链接对象，如同没有调试信息一样
liveMedia.lib(MPEG1or2VideoStreamFramer.obj) : warning LNK4099: 未找到 PDB“”(使用“liveMedia.lib(MPEG1or2VideoStreamFramer.obj)”或在“”中寻找)；正在链接对象，如同没有调试信息一样
liveMedia.lib(TextRTPSink.obj) : warning LNK4099: 未找到 PDB“”(使用“liveMedia.lib(TextRTPSink.obj)”或在“”中寻找)；正在链接对象，如同没有调试信息一样
liveMedia.lib(MP3ADUdescriptor.obj) : warning LNK4099: 未找到 PDB“”(使用“liveMedia.lib(MP3ADUdescriptor.obj)”或在“”中寻找)；正在链接对象，如同没有调试信息一样
liveMedia.lib(AMRAudioSource.obj) : warning LNK4099: 未找到 PDB“”(使用“liveMedia.lib(AMRAudioSource.obj)”或在“”中寻找)；正在链接对象，如同没有调试信息一样
liveMedia.lib(MP3Internals.obj) : warning LNK4099: 未找到 PDB“”(使用“liveMedia.lib(MP3Internals.obj)”或在“”中寻找)；正在链接对象，如同没有调试信息一样
liveMedia.lib(MP3InternalsHuffman.obj) : warning LNK4099: 未找到 PDB“”(使用“liveMedia.lib(MP3InternalsHuffman.obj)”或在“”中寻找)；正在链接对象，如同没有调试信息一样
liveMedia.lib(MP3InternalsHuffmanTable.obj) : warning LNK4099: 未找到 PDB“”(使用“liveMedia.lib(MP3InternalsHuffmanTable.obj)”或在“”中寻找)；正在链接对象，如同没有调试信息一样
groupsock.lib(GroupsockHelper.obj) : warning LNK4099: 未找到 PDB“”(使用“groupsock.lib(GroupsockHelper.obj)”或在“”中寻找)；正在链接对象，如同没有调试信息一样
groupsock.lib(NetAddress.obj) : warning LNK4099: 未找到 PDB“”(使用“groupsock.lib(NetAddress.obj)”或在“”中寻找)；正在链接对象，如同没有调试信息一样
groupsock.lib(Groupsock.obj) : warning LNK4099: 未找到 PDB“”(使用“groupsock.lib(Groupsock.obj)”或在“”中寻找)；正在链接对象，如同没有调试信息一样
groupsock.lib(NetInterface.obj) : warning LNK4099: 未找到 PDB“”(使用“groupsock.lib(NetInterface.obj)”或在“”中寻找)；正在链接对象，如同没有调试信息一样
groupsock.lib(inet.obj) : warning LNK4099: 未找到 PDB“”(使用“groupsock.lib(inet.obj)”或在“”中寻找)；正在链接对象，如同没有调试信息一样
groupsock.lib(GroupEId.obj) : warning LNK4099: 未找到 PDB“”(使用“groupsock.lib(GroupEId.obj)”或在“”中寻找)；正在链接对象，如同没有调试信息一样
BasicUsageEnvironment.lib(BasicUsageEnvironment.obj) : warning LNK4099: 未找到 PDB“”(使用“BasicUsageEnvironment.lib(BasicUsageEnvironment.obj)”或在“”中寻找)；正在链接对象，如同没有调试信息一样
BasicUsageEnvironment.lib(BasicTaskScheduler.obj) : warning LNK4099: 未找到 PDB“”(使用“BasicUsageEnvironment.lib(BasicTaskScheduler.obj)”或在“”中寻找)；正在链接对象，如同没有调试信息一样
BasicUsageEnvironment.lib(BasicHashTable.obj) : warning LNK4099: 未找到 PDB“”(使用“BasicUsageEnvironment.lib(BasicHashTable.obj)”或在“”中寻找)；正在链接对象，如同没有调试信息一样
BasicUsageEnvironment.lib(BasicUsageEnvironment0.obj) : warning LNK4099: 未找到 PDB“”(使用“BasicUsageEnvironment.lib(BasicUsageEnvironment0.obj)”或在“”中寻找)；正在链接对象，如同没有调试信息一样
BasicUsageEnvironment.lib(DelayQueue.obj) : warning LNK4099: 未找到 PDB“”(使用“BasicUsageEnvironment.lib(DelayQueue.obj)”或在“”中寻找)；正在链接对象，如同没有调试信息一样
BasicUsageEnvironment.lib(BasicTaskScheduler0.obj) : warning LNK4099: 未找到 PDB“”(使用“BasicUsageEnvironment.lib(BasicTaskScheduler0.obj)”或在“”中寻找)；正在链接对象，如同没有调试信息一样
UsageEnvironment.lib(strDup.obj) : warning LNK4099: 未找到 PDB“”(使用“UsageEnvironment.lib(strDup.obj)”或在“”中寻找)；正在链接对象，如同没有调试信息一样
UsageEnvironment.lib(HashTable.obj) : warning LNK4099: 未找到 PDB“”(使用“UsageEnvironment.lib(HashTable.obj)”或在“”中寻找)；正在链接对象，如同没有调试信息一样
  Cam2RTSP.vcxproj -> F:\dev\Cam2RTSP\x64\Debug\Cam2RTSP.exe
